#
# There is insufficient memory for the Java Runtime Environment to continue.
# Native memory allocation (malloc) failed to allocate 798016 bytes for Chunk::new
# Possible reasons:
#   The system is out of physical RAM or swap space
#   In 32 bit mode, the process size limit was hit
# Possible solutions:
#   Reduce memory load on the system
#   Increase physical memory or swap space
#   Check if swap backing store is full
#   Use 64 bit Java on a 64 bit OS
#   Decrease Java heap size (-Xmx/-Xms)
#   Decrease number of Java threads
#   Decrease Java thread stack sizes (-Xss)
#   Set larger code cache with -XX:ReservedCodeCacheSize=
# This output file may be truncated or incomplete.
#
#  Out of Memory Error (allocation.cpp:390), pid=13756, tid=0x0000000000003320
#
# JRE version: Java(TM) SE Runtime Environment (8.0_161-b12) (build 1.8.0_161-b12)
# Java VM: Java HotSpot(TM) 64-Bit Server VM (25.161-b12 mixed mode windows-amd64 compressed oops)
# Failed to write core dump. Minidumps are not enabled by default on client versions of Windows
#

---------------  T H R E A D  ---------------

Current thread (0x000000001a3fd800):  JavaThread "C2 CompilerThread0" daemon [_thread_in_native, id=13088, stack(0x000000001abc0000,0x000000001acc0000)]

Stack: [0x000000001abc0000,0x000000001acc0000]
[error occurred during error reporting (printing stack bounds), id 0xc0000005]

Native frames: (J=compiled Java code, j=interpreted, Vv=VM code, C=native code)


Current CompileTask:
C2:   2047 2873   !   4       java.net.URLClassLoader$1::run (63 bytes)


---------------  P R O C E S S  ---------------

Java Threads: ( => current thread )
  0x000000001a49d000 JavaThread "Service Thread" daemon [_thread_blocked, id=11292, stack(0x000000001afc0000,0x000000001b0c0000)]
  0x000000001a40a000 JavaThread "C1 CompilerThread3" daemon [_thread_blocked, id=10748, stack(0x000000001aec0000,0x000000001afc0000)]
  0x000000001a407000 JavaThread "C2 CompilerThread2" daemon [_thread_in_native, id=10600, stack(0x000000001adc0000,0x000000001aec0000)]
  0x000000001a400000 JavaThread "C2 CompilerThread1" daemon [_thread_in_native, id=10340, stack(0x000000001acc0000,0x000000001adc0000)]
=>0x000000001a3fd800 JavaThread "C2 CompilerThread0" daemon [_thread_in_native, id=13088, stack(0x000000001abc0000,0x000000001acc0000)]
  0x000000001a3fa000 JavaThread "Attach Listener" daemon [_thread_blocked, id=1912, stack(0x000000001aac0000,0x000000001abc0000)]
  0x000000001a3f9000 JavaThread "Signal Dispatcher" daemon [_thread_blocked, id=13584, stack(0x000000001a9c0000,0x000000001aac0000)]
  0x000000001a3f0800 JavaThread "Finalizer" daemon [_thread_blocked, id=12924, stack(0x000000001a7d0000,0x000000001a8d0000)]
  0x0000000003509000 JavaThread "Reference Handler" daemon [_thread_blocked, id=8724, stack(0x000000001a2d0000,0x000000001a3d0000)]
  0x0000000003412800 JavaThread "main" [_thread_in_Java, id=7764, stack(0x0000000003310000,0x0000000003410000)]

Other Threads:
  0x00000000184ea000 VMThread [stack: 0x000000001a1d0000,0x000000001a2d0000] [id=6824]
  0x000000001a4b6000 WatcherThread [stack: 0x000000001b0c0000,0x000000001b1c0000] [id=13696]

VM state:not at safepoint (normal execution)

VM Mutex/Monitor currently owned by a thread: None

Heap:
 PSYoungGen      total 71680K, used 37073K [0x00000000d5b00000, 0x00000000da600000, 0x0000000100000000)
  eden space 66560K, 48% used [0x00000000d5b00000,0x00000000d7a3c4b0,0x00000000d9c00000)
  from space 5120K, 99% used [0x00000000da100000,0x00000000da5f8020,0x00000000da600000)
  to   space 5120K, 0% used [0x00000000d9c00000,0x00000000d9c00000,0x00000000da100000)
 ParOldGen       total 87552K, used 6907K [0x0000000081000000, 0x0000000086580000, 0x00000000d5b00000)
  object space 87552K, 7% used [0x0000000081000000,0x00000000816bef18,0x0000000086580000)
 Metaspace       used 18365K, capacity 18774K, committed 19072K, reserved 1067008K
  class space    used 2240K, capacity 2383K, committed 2432K, reserved 1048576K

Card table byte_map: [0x00000000128d0000,0x0000000012cd0000] byte_map_base: 0x00000000124c8000

Marking Bits: (ParMarkBitMap*) 0x0000000070eaf860
 Begin Bits: [0x0000000013780000, 0x0000000015740000)
 End Bits:   [0x0000000015740000, 0x0000000017700000)

Polling page: 0x0000000001340000

CodeCache: size=245760Kb used=9681Kb max_used=9681Kb free=236078Kb
 bounds [0x0000000003510000, 0x0000000003e90000, 0x0000000012510000]
 total_blobs=3242 nmethods=2881 adapters=273
 compilation: enabled

Compilation events (10 events):
Event: 2.008 Thread 0x000000001a40a000 2880       3       com.sun.tools.javac.util.Name$Table::equals (44 bytes)
Event: 2.009 Thread 0x000000001a40a000 nmethod 2880 0x0000000003e8a990 code [0x0000000003e8ab00, 0x0000000003e8adb0]
Event: 2.009 Thread 0x000000001a40a000 2881       1       com.sun.tools.javac.code.Symbol$PackageSymbol::getQualifiedName (5 bytes)
Event: 2.009 Thread 0x000000001a40a000 nmethod 2881 0x0000000003e8af90 code [0x0000000003e8b0e0, 0x0000000003e8b1f0]
Event: 2.009 Thread 0x000000001a40a000 2882       3       com.sun.tools.javac.util.ArrayUtils::ensureCapacity (30 bytes)
Event: 2.009 Thread 0x000000001a40a000 nmethod 2882 0x0000000003e8b250 code [0x0000000003e8b3e0, 0x0000000003e8b788]
Event: 2.009 Thread 0x000000001a40a000 2883       3       com.sun.tools.javac.util.List::nil (4 bytes)
Event: 2.010 Thread 0x000000001a40a000 nmethod 2883 0x0000000003e8b910 code [0x0000000003e8ba60, 0x0000000003e8bb90]
Event: 2.010 Thread 0x000000001a40a000 2884       3       com.sun.tools.javac.code.AnnoConstruct::<init> (5 bytes)
Event: 2.010 Thread 0x000000001a40a000 nmethod 2884 0x0000000003e8bc10 code [0x0000000003e8bd60, 0x0000000003e8bf10]

GC Heap History (8 events):
Event: 0.538 GC heap before
{Heap before GC invocations=1 (full 0):
 PSYoungGen      total 38400K, used 33280K [0x00000000d5b00000, 0x00000000d8580000, 0x0000000100000000)
  eden space 33280K, 100% used [0x00000000d5b00000,0x00000000d7b80000,0x00000000d7b80000)
  from space 5120K, 0% used [0x00000000d8080000,0x00000000d8080000,0x00000000d8580000)
  to   space 5120K, 0% used [0x00000000d7b80000,0x00000000d7b80000,0x00000000d8080000)
 ParOldGen       total 87552K, used 0K [0x0000000081000000, 0x0000000086580000, 0x00000000d5b00000)
  object space 87552K, 0% used [0x0000000081000000,0x0000000081000000,0x0000000086580000)
 Metaspace       used 7853K, capacity 7996K, committed 8320K, reserved 1056768K
  class space    used 988K, capacity 1048K, committed 1152K, reserved 1048576K
Event: 0.541 GC heap after
Heap after GC invocations=1 (full 0):
 PSYoungGen      total 38400K, used 4691K [0x00000000d5b00000, 0x00000000d8580000, 0x0000000100000000)
  eden space 33280K, 0% used [0x00000000d5b00000,0x00000000d5b00000,0x00000000d7b80000)
  from space 5120K, 91% used [0x00000000d7b80000,0x00000000d8014cf0,0x00000000d8080000)
  to   space 5120K, 0% used [0x00000000d8080000,0x00000000d8080000,0x00000000d8580000)
 ParOldGen       total 87552K, used 8K [0x0000000081000000, 0x0000000086580000, 0x00000000d5b00000)
  object space 87552K, 0% used [0x0000000081000000,0x0000000081002000,0x0000000086580000)
 Metaspace       used 7853K, capacity 7996K, committed 8320K, reserved 1056768K
  class space    used 988K, capacity 1048K, committed 1152K, reserved 1048576K
}
Event: 0.921 GC heap before
{Heap before GC invocations=2 (full 0):
 PSYoungGen      total 38400K, used 37971K [0x00000000d5b00000, 0x00000000d8580000, 0x0000000100000000)
  eden space 33280K, 100% used [0x00000000d5b00000,0x00000000d7b80000,0x00000000d7b80000)
  from space 5120K, 91% used [0x00000000d7b80000,0x00000000d8014cf0,0x00000000d8080000)
  to   space 5120K, 0% used [0x00000000d8080000,0x00000000d8080000,0x00000000d8580000)
 ParOldGen       total 87552K, used 8K [0x0000000081000000, 0x0000000086580000, 0x00000000d5b00000)
  object space 87552K, 0% used [0x0000000081000000,0x0000000081002000,0x0000000086580000)
 Metaspace       used 11772K, capacity 11950K, committed 12160K, reserved 1060864K
  class space    used 1489K, capacity 1573K, committed 1664K, reserved 1048576K
Event: 0.925 GC heap after
Heap after GC invocations=2 (full 0):
 PSYoungGen      total 38400K, used 5116K [0x00000000d5b00000, 0x00000000d8580000, 0x0000000100000000)
  eden space 33280K, 0% used [0x00000000d5b00000,0x00000000d5b00000,0x00000000d7b80000)
  from space 5120K, 99% used [0x00000000d8080000,0x00000000d857f3f8,0x00000000d8580000)
  to   space 5120K, 0% used [0x00000000d7b80000,0x00000000d7b80000,0x00000000d8080000)
 ParOldGen       total 87552K, used 2141K [0x0000000081000000, 0x0000000086580000, 0x00000000d5b00000)
  object space 87552K, 2% used [0x0000000081000000,0x0000000081217698,0x0000000086580000)
 Metaspace       used 11772K, capacity 11950K, committed 12160K, reserved 1060864K
  class space    used 1489K, capacity 1573K, committed 1664K, reserved 1048576K
}
Event: 1.397 GC heap before
{Heap before GC invocations=3 (full 0):
 PSYoungGen      total 38400K, used 38396K [0x00000000d5b00000, 0x00000000d8580000, 0x0000000100000000)
  eden space 33280K, 100% used [0x00000000d5b00000,0x00000000d7b80000,0x00000000d7b80000)
  from space 5120K, 99% used [0x00000000d8080000,0x00000000d857f3f8,0x00000000d8580000)
  to   space 5120K, 0% used [0x00000000d7b80000,0x00000000d7b80000,0x00000000d8080000)
 ParOldGen       total 87552K, used 2141K [0x0000000081000000, 0x0000000086580000, 0x00000000d5b00000)
  object space 87552K, 2% used [0x0000000081000000,0x0000000081217698,0x0000000086580000)
 Metaspace       used 14843K, capacity 15042K, committed 15232K, reserved 1062912K
  class space    used 1818K, capacity 1907K, committed 1920K, reserved 1048576K
Event: 1.404 GC heap after
Heap after GC invocations=3 (full 0):
 PSYoungGen      total 38400K, used 5104K [0x00000000d5b00000, 0x00000000da600000, 0x0000000100000000)
  eden space 33280K, 0% used [0x00000000d5b00000,0x00000000d5b00000,0x00000000d7b80000)
  from space 5120K, 99% used [0x00000000d7b80000,0x00000000d807c030,0x00000000d8080000)
  to   space 5120K, 0% used [0x00000000da100000,0x00000000da100000,0x00000000da600000)
 ParOldGen       total 87552K, used 4553K [0x0000000081000000, 0x0000000086580000, 0x00000000d5b00000)
  object space 87552K, 5% used [0x0000000081000000,0x0000000081472598,0x0000000086580000)
 Metaspace       used 14843K, capacity 15042K, committed 15232K, reserved 1062912K
  class space    used 1818K, capacity 1907K, committed 1920K, reserved 1048576K
}
Event: 1.732 GC heap before
{Heap before GC invocations=4 (full 0):
 PSYoungGen      total 38400K, used 38384K [0x00000000d5b00000, 0x00000000da600000, 0x0000000100000000)
  eden space 33280K, 100% used [0x00000000d5b00000,0x00000000d7b80000,0x00000000d7b80000)
  from space 5120K, 99% used [0x00000000d7b80000,0x00000000d807c030,0x00000000d8080000)
  to   space 5120K, 0% used [0x00000000da100000,0x00000000da100000,0x00000000da600000)
 ParOldGen       total 87552K, used 4553K [0x0000000081000000, 0x0000000086580000, 0x00000000d5b00000)
  object space 87552K, 5% used [0x0000000081000000,0x0000000081472598,0x0000000086580000)
 Metaspace       used 15819K, capacity 16108K, committed 16384K, reserved 1062912K
  class space    used 1916K, capacity 2046K, committed 2048K, reserved 1048576K
Event: 1.737 GC heap after
Heap after GC invocations=4 (full 0):
 PSYoungGen      total 71680K, used 5088K [0x00000000d5b00000, 0x00000000da600000, 0x0000000100000000)
  eden space 66560K, 0% used [0x00000000d5b00000,0x00000000d5b00000,0x00000000d9c00000)
  from space 5120K, 99% used [0x00000000da100000,0x00000000da5f8020,0x00000000da600000)
  to   space 5120K, 0% used [0x00000000d9c00000,0x00000000d9c00000,0x00000000da100000)
 ParOldGen       total 87552K, used 6907K [0x0000000081000000, 0x0000000086580000, 0x00000000d5b00000)
  object space 87552K, 7% used [0x0000000081000000,0x00000000816bef18,0x0000000086580000)
 Metaspace       used 15819K, capacity 16108K, committed 16384K, reserved 1062912K
  class space    used 1916K, capacity 2046K, committed 2048K, reserved 1048576K
}

Deoptimization events (10 events):
Event: 1.551 Thread 0x0000000003412800 Uncommon trap: reason=bimorphic action=maybe_recompile pc=0x0000000003ad4808 method=java.util.concurrent.ConcurrentHashMap.get(Ljava/lang/Object;)Ljava/lang/Object; @ 149
Event: 1.637 Thread 0x0000000003412800 Uncommon trap: reason=unstable_if action=reinterpret pc=0x0000000003abb1e8 method=sun.net.www.protocol.jar.Handler.parseURL(Ljava/net/URL;Ljava/lang/String;II)V @ 94
Event: 1.655 Thread 0x0000000003412800 Uncommon trap: reason=bimorphic action=maybe_recompile pc=0x0000000003ade864 method=java.util.regex.Pattern$CharProperty.match(Ljava/util/regex/Matcher;ILjava/lang/CharSequence;)Z @ 37
Event: 1.704 Thread 0x0000000003412800 Uncommon trap: reason=unstable_if action=reinterpret pc=0x0000000003b55c5c method=java.util.LinkedHashMap.afterNodeInsertion(Z)V @ 18
Event: 1.787 Thread 0x0000000003412800 Uncommon trap: reason=unstable_if action=reinterpret pc=0x0000000003bde87c method=org.apache.maven.model.io.xpp3.MavenXpp3Reader.nextTag(Lorg/codehaus/plexus/util/xml/pull/XmlPullParser;)I @ 9
Event: 1.788 Thread 0x0000000003412800 Uncommon trap: reason=null_check action=make_not_entrant pc=0x0000000003cf47b8 method=org.eclipse.sisu.inject.LocatedBeans$Itr.hasNext()Z @ 35
Event: 1.906 Thread 0x0000000003412800 Uncommon trap: reason=bimorphic action=maybe_recompile pc=0x0000000003ade864 method=java.util.regex.Pattern$CharProperty.match(Ljava/util/regex/Matcher;ILjava/lang/CharSequence;)Z @ 37
Event: 1.910 Thread 0x0000000003412800 Uncommon trap: reason=unstable_if action=reinterpret pc=0x0000000003de7388 method=com.google.inject.internal.InjectorImpl.callInContext(Lcom/google/inject/internal/ContextualCallable;)Ljava/lang/Object; @ 161
Event: 1.940 Thread 0x0000000003412800 Uncommon trap: reason=unstable_if action=reinterpret pc=0x0000000003638488 method=java.net.URI.match(CJJ)Z @ 19
Event: 1.941 Thread 0x0000000003412800 Uncommon trap: reason=unstable_if action=reinterpret pc=0x0000000003cb2048 method=java.nio.charset.CharsetDecoder.decode(Ljava/nio/ByteBuffer;Ljava/nio/CharBuffer;Z)Ljava/nio/charset/CoderResult; @ 1

Classes redefined (0 events):
No events

Internal exceptions (10 events):
Event: 1.096 Thread 0x0000000003412800 Exception <a 'java/lang/NullPointerException'> (0x00000000d6505960) thrown at [C:\re\workspace\8-2-build-windows-amd64-cygwin\jdk8u161\10277\hotspot\src\share\vm\interpreter\linkResolver.cpp, line 1185]
Event: 1.096 Thread 0x0000000003412800 Exception <a 'java/lang/NullPointerException'> (0x00000000d6505b78) thrown at [C:\re\workspace\8-2-build-windows-amd64-cygwin\jdk8u161\10277\hotspot\src\share\vm\interpreter\linkResolver.cpp, line 1185]
Event: 1.097 Thread 0x0000000003412800 Exception <a 'java/lang/NullPointerException'> (0x00000000d651e758) thrown at [C:\re\workspace\8-2-build-windows-amd64-cygwin\jdk8u161\10277\hotspot\src\share\vm\interpreter\linkResolver.cpp, line 1185]
Event: 1.097 Thread 0x0000000003412800 Exception <a 'java/lang/NullPointerException'> (0x00000000d651e970) thrown at [C:\re\workspace\8-2-build-windows-amd64-cygwin\jdk8u161\10277\hotspot\src\share\vm\interpreter\linkResolver.cpp, line 1185]
Event: 1.097 Thread 0x0000000003412800 Exception <a 'java/lang/NullPointerException'> (0x00000000d651eb88) thrown at [C:\re\workspace\8-2-build-windows-amd64-cygwin\jdk8u161\10277\hotspot\src\share\vm\interpreter\linkResolver.cpp, line 1185]
Event: 1.228 Thread 0x0000000003412800 Implicit null exception at 0x00000000038e73d5 to 0x00000000038e75d1
Event: 1.228 Thread 0x0000000003412800 Implicit null exception at 0x00000000038927af to 0x0000000003892819
Event: 1.267 Thread 0x0000000003412800 Implicit null exception at 0x0000000003b26b66 to 0x0000000003b27dc1
Event: 1.910 Thread 0x0000000003412800 Implicit null exception at 0x0000000003de61fd to 0x0000000003de736d
Event: 1.940 Thread 0x0000000003412800 Exception <a 'java/lang/ClassNotFoundException': com/sun/tools/javac/api/JavacTool> (0x00000000d71f97e8) thrown at [C:\re\workspace\8-2-build-windows-amd64-cygwin\jdk8u161\10277\hotspot\src\share\vm\classfile\systemDictionary.cpp, line 210]

Events (10 events):
Event: 2.045 loading class com/sun/tools/javac/api/Formattable$LocalizedString
Event: 2.045 loading class com/sun/tools/javac/api/Formattable$LocalizedString done
Event: 2.045 loading class com/sun/tools/javac/api/Formattable
Event: 2.045 loading class com/sun/tools/javac/api/Formattable done
Event: 2.045 loading class com/sun/tools/javac/comp/Resolve$MethodResolutionPhase
Event: 2.045 loading class com/sun/tools/javac/comp/Resolve$MethodResolutionPhase done
Event: 2.046 loading class com/sun/tools/javac/comp/Resolve$MethodResolutionPhase$1
Event: 2.046 loading class com/sun/tools/javac/comp/Resolve$MethodResolutionPhase$1 done
Event: 2.046 loading class com/sun/tools/javac/comp/Attr
Event: 2.046 loading class com/sun/tools/javac/comp/Attr done


Dynamic libraries:
0x00007ff6338a0000 - 0x00007ff6338d7000 	C:\Program Files\Java\jdk1.8.0_161\bin\javaw.exe
0x00007ff9ca200000 - 0x00007ff9ca3e1000 	C:\WINDOWS\SYSTEM32\ntdll.dll
0x00007ff9c7f10000 - 0x00007ff9c7fc2000 	C:\WINDOWS\System32\KERNEL32.DLL
0x00007ff9c6690000 - 0x00007ff9c6903000 	C:\WINDOWS\System32\KERNELBASE.dll
0x00007ff9c8050000 - 0x00007ff9c80f1000 	C:\WINDOWS\System32\ADVAPI32.dll
0x00007ff9c7810000 - 0x00007ff9c78ae000 	C:\WINDOWS\System32\msvcrt.dll
0x00007ff9c79a0000 - 0x00007ff9c79fb000 	C:\WINDOWS\System32\sechost.dll
0x00007ff9c99b0000 - 0x00007ff9c9ad4000 	C:\WINDOWS\System32\RPCRT4.dll
0x00007ff9c7bd0000 - 0x00007ff9c7d60000 	C:\WINDOWS\System32\USER32.dll
0x00007ff9c6670000 - 0x00007ff9c6690000 	C:\WINDOWS\System32\win32u.dll
0x00007ff9c95f0000 - 0x00007ff9c9618000 	C:\WINDOWS\System32\GDI32.dll
0x00007ff9c6c90000 - 0x00007ff9c6e22000 	C:\WINDOWS\System32\gdi32full.dll
0x00007ff9c65d0000 - 0x00007ff9c666f000 	C:\WINDOWS\System32\msvcp_win.dll
0x00007ff9c7540000 - 0x00007ff9c763a000 	C:\WINDOWS\System32\ucrtbase.dll
0x00007ff9b9b70000 - 0x00007ff9b9dd9000 	C:\WINDOWS\WinSxS\amd64_microsoft.windows.common-controls_6595b64144ccf1df_6.0.17134.165_none_fb429645306569ac\COMCTL32.dll
0x00007ff9c9620000 - 0x00007ff9c9943000 	C:\WINDOWS\System32\combase.dll
0x00007ff9c6910000 - 0x00007ff9c698a000 	C:\WINDOWS\System32\bcryptPrimitives.dll
0x00007ff9c95c0000 - 0x00007ff9c95ed000 	C:\WINDOWS\System32\IMM32.DLL
0x0000000070f30000 - 0x0000000071002000 	C:\Program Files\Java\jdk1.8.0_161\jre\bin\msvcr100.dll
0x0000000070690000 - 0x0000000070f2f000 	C:\Program Files\Java\jdk1.8.0_161\jre\bin\server\jvm.dll
0x00007ff9c8040000 - 0x00007ff9c8048000 	C:\WINDOWS\System32\PSAPI.DLL
0x00007ff9c1f60000 - 0x00007ff9c1f69000 	C:\WINDOWS\SYSTEM32\WSOCK32.dll
0x00007ff9bb9d0000 - 0x00007ff9bb9f3000 	C:\WINDOWS\SYSTEM32\WINMM.dll
0x00007ff9c23f0000 - 0x00007ff9c23fa000 	C:\WINDOWS\SYSTEM32\VERSION.dll
0x00007ff9c7fd0000 - 0x00007ff9c803c000 	C:\WINDOWS\System32\WS2_32.dll
0x00007ff9bb880000 - 0x00007ff9bb8aa000 	C:\WINDOWS\SYSTEM32\WINMMBASE.dll
0x00007ff9c7640000 - 0x00007ff9c7689000 	C:\WINDOWS\System32\cfgmgr32.dll
0x0000000070680000 - 0x000000007068f000 	C:\Program Files\Java\jdk1.8.0_161\jre\bin\verify.dll
0x0000000070650000 - 0x0000000070679000 	C:\Program Files\Java\jdk1.8.0_161\jre\bin\java.dll
0x0000000070630000 - 0x0000000070646000 	C:\Program Files\Java\jdk1.8.0_161\jre\bin\zip.dll
0x00007ff9c8180000 - 0x00007ff9c95c0000 	C:\WINDOWS\System32\SHELL32.dll
0x00007ff9c7d60000 - 0x00007ff9c7e09000 	C:\WINDOWS\System32\shcore.dll
0x00007ff9c6e30000 - 0x00007ff9c753d000 	C:\WINDOWS\System32\windows.storage.dll
0x00007ff9c7eb0000 - 0x00007ff9c7f01000 	C:\WINDOWS\System32\shlwapi.dll
0x00007ff9c6550000 - 0x00007ff9c6561000 	C:\WINDOWS\System32\kernel.appcore.dll
0x00007ff9c6530000 - 0x00007ff9c654f000 	C:\WINDOWS\System32\profapi.dll
0x00007ff9c6580000 - 0x00007ff9c65cc000 	C:\WINDOWS\System32\powrprof.dll
0x00007ff9c6570000 - 0x00007ff9c657a000 	C:\WINDOWS\System32\FLTLIB.DLL
0x0000000070600000 - 0x000000007061a000 	C:\Program Files\Java\jdk1.8.0_161\jre\bin\net.dll
0x00007ff9c5d90000 - 0x00007ff9c5df6000 	C:\WINDOWS\system32\mswsock.dll
0x00000000705e0000 - 0x00000000705f1000 	C:\Program Files\Java\jdk1.8.0_161\jre\bin\nio.dll

VM Arguments:
jvm_args: -Dmaven.home=EMBEDDED -Dclassworlds.conf=E:\research\workspace1\.metadata\.plugins\org.eclipse.m2e.launching\launches\m2conf450773491920378503.tmp -Dmaven.multiModuleProjectDirectory=E:\research\workspace1\LotusGarden\LotusGarden -Dfile.encoding=Cp1252 
java_command: org.codehaus.plexus.classworlds.launcher.Launcher -B -s E:\sources\apache-maven-3.5.0\conf\settings.xml install
java_class_path (initial): /E:/IDEs/eclipse-jee-oxygen-R-win32-x86_64/eclipse/plugins/org.eclipse.m2e.maven.runtime_1.8.0.20170516-2042/jars/plexus-classworlds-2.5.2.jar
Launcher Type: SUN_STANDARD

Environment Variables:
JAVA_HOME=C:\Program Files\Java\jdk1.8.0_161
JRE_HOME=C:\Program Files\Java\jre1.8.0_161
PATH=C:/Program Files/Java/jre1.8.0_161/bin/server;C:/Program Files/Java/jre1.8.0_161/bin;C:/Program Files/Java/jre1.8.0_161/lib/amd64;C:\ProgramData\Oracle\Java\javapath;C:\Program Files (x86)\Intel\iCLS Client\;C:\Program Files\Intel\iCLS Client\;C:\WINDOWS\system32;C:\WINDOWS;C:\WINDOWS\System32\Wbem;C:\WINDOWS\System32\WindowsPowerShell\v1.0\;C:\Program Files\Intel\Intel(R) Management Engine Components\DAL;C:\Program Files\Intel\Intel(R) Management Engine Components\IPT;C:\Program Files (x86)\Intel\Intel(R) Management Engine Components\DAL;C:\Program Files (x86)\Intel\Intel(R) Management Engine Components\IPT;C:\Program Files\Java\jdk1.8.0_161\bin;E:\standalone wb server\apache-tomcat-8.5.16\bin;C:\Program Files\Git\cmd;C:\Program Files\nodejs\;E:\sources\apache-maven-3.5.0\bin;C:\Gradle\bin;E:\sources\curl-7.55.1\I386;C:\Program Files\MySQL\MySQL Server 5.7\bin;E:\research\jvmtop-0.8.0;;C:\WINDOWS\System32\OpenSSH\;C:\Users\Admin\scoop\shims;C:\Users\Admin\AppData\Local\Microsoft\WindowsApps;C:\Users\Admin\AppData\Roaming\npm;%USERPROFILE%\AppData\Local\Microsoft\WindowsApps;;E:\IDEs\eclipse-jee-oxygen-R-win32-x86_64\eclipse;
USERNAME=Admin
OS=Windows_NT
PROCESSOR_IDENTIFIER=Intel64 Family 6 Model 58 Stepping 9, GenuineIntel



---------------  S Y S T E M  ---------------

OS: Windows 10.0 , 64 bit Build 17134 (10.0.17134.1)

CPU:total 8 (initial active 8) (4 cores per cpu, 2 threads per core) family 6 model 58 stepping 9, cmov, cx8, fxsr, mmx, sse, sse2, sse3, ssse3, sse4.1, sse4.2, popcnt, avx, aes, clmul, erms, ht, tsc, tscinvbit, tscinv

Memory: 4k page, physical 8317040k(1797800k free), swap 8317040k(5456k free)

vm_info: Java HotSpot(TM) 64-Bit Server VM (25.161-b12) for windows-amd64 JRE (1.8.0_161-b12), built on Dec 19 2017 17:52:25 by "java_re" with MS VC++ 10.0 (VS2010)

time: Fri Jul 13 14:49:29 2018
elapsed time: 2 seconds (0d 0h 0m 2s)

